0 info it worked if it ends with ok
1 verbose cli [ '/home/ubuntu/.nvm/v0.10.33/bin/node',
1 verbose cli   '/home/ubuntu/.nvm/v0.10.33/bin/npm',
1 verbose cli   'install',
1 verbose cli   'mongoos' ]
2 info using npm@1.4.28
3 info using node@v0.10.33
4 warn package.json NumberGen@1.0.0 No repository field.
5 warn package.json NumberGen@1.0.0 No README data
6 verbose readDependencies using package.json deps
7 verbose cache add [ 'mongoos', null ]
8 verbose cache add name=undefined spec="mongoos" args=["mongoos",null]
9 verbose parsed url { protocol: null,
9 verbose parsed url   slashes: null,
9 verbose parsed url   auth: null,
9 verbose parsed url   host: null,
9 verbose parsed url   port: null,
9 verbose parsed url   hostname: null,
9 verbose parsed url   hash: null,
9 verbose parsed url   search: null,
9 verbose parsed url   query: null,
9 verbose parsed url   pathname: 'mongoos',
9 verbose parsed url   path: 'mongoos',
9 verbose parsed url   href: 'mongoos' }
10 silly lockFile 8a883f4a-mongoos mongoos
11 verbose lock mongoos /home/ubuntu/.npm/8a883f4a-mongoos.lock
12 silly lockFile 8a883f4a-mongoos mongoos
13 silly lockFile 8a883f4a-mongoos mongoos
14 verbose addNamed [ 'mongoos', '' ]
15 verbose addNamed [ null, '*' ]
16 silly lockFile 42a6566b-mongoos mongoos@
17 verbose lock mongoos@ /home/ubuntu/.npm/42a6566b-mongoos.lock
18 silly addNameRange { name: 'mongoos', range: '*', hasData: false }
19 verbose request where is /mongoos
20 verbose request registry https://registry.npmjs.org/
21 verbose request id d59c7460afad61ba
22 verbose url raw /mongoos
23 verbose url resolving [ 'https://registry.npmjs.org/', './mongoos' ]
24 verbose url resolved https://registry.npmjs.org/mongoos
25 verbose request where is https://registry.npmjs.org/mongoos
26 info trying registry request attempt 1 at 21:15:10
27 http GET https://registry.npmjs.org/mongoos
28 http 404 https://registry.npmjs.org/mongoos
29 verbose headers { date: 'Tue, 02 Dec 2014 21:15:10 GMT',
29 verbose headers   server: 'CouchDB/1.5.0 (Erlang OTP/R16B03)',
29 verbose headers   'content-type': 'application/json',
29 verbose headers   'cache-control': 'max-age=0',
29 verbose headers   'content-length': '52',
29 verbose headers   'accept-ranges': 'bytes',
29 verbose headers   via: '1.1 varnish',
29 verbose headers   age: '0',
29 verbose headers   'x-served-by': 'cache-ord1733-ORD',
29 verbose headers   'x-cache': 'MISS',
29 verbose headers   'x-cache-hits': '0',
29 verbose headers   'x-timer': 'S1417554910.306511,VS0,VE142',
29 verbose headers   'keep-alive': 'timeout=10, max=50',
29 verbose headers   connection: 'Keep-Alive' }
30 silly registry.get cb [ 404,
30 silly registry.get   { date: 'Tue, 02 Dec 2014 21:15:10 GMT',
30 silly registry.get     server: 'CouchDB/1.5.0 (Erlang OTP/R16B03)',
30 silly registry.get     'content-type': 'application/json',
30 silly registry.get     'cache-control': 'max-age=0',
30 silly registry.get     'content-length': '52',
30 silly registry.get     'accept-ranges': 'bytes',
30 silly registry.get     via: '1.1 varnish',
30 silly registry.get     age: '0',
30 silly registry.get     'x-served-by': 'cache-ord1733-ORD',
30 silly registry.get     'x-cache': 'MISS',
30 silly registry.get     'x-cache-hits': '0',
30 silly registry.get     'x-timer': 'S1417554910.306511,VS0,VE142',
30 silly registry.get     'keep-alive': 'timeout=10, max=50',
30 silly registry.get     connection: 'Keep-Alive' } ]
31 silly lockFile 42a6566b-mongoos mongoos@
32 silly lockFile 42a6566b-mongoos mongoos@
33 error 404 404 Not Found: mongoos
33 error 404
33 error 404 'mongoos' is not in the npm registry.
33 error 404 You should bug the author to publish it
33 error 404 It was specified as a dependency of 'NumberGen'
33 error 404
33 error 404 Note that you can also install from a
33 error 404 tarball, folder, or http url, or git url.
34 error System Linux 3.14.13-c9
35 error command "/home/ubuntu/.nvm/v0.10.33/bin/node" "/home/ubuntu/.nvm/v0.10.33/bin/npm" "install" "mongoos"
36 error cwd /home/ubuntu/workspace
37 error node -v v0.10.33
38 error npm -v 1.4.28
39 error code E404
40 verbose exit [ 1, true ]
